E:\研究生课程\INS\PUREINS_C\DEBUG\PUREINS_C.EXE
E:\研究生课程\INS\PUREINS_C\DEBUG\PUREINS_C.ILK
E:\研究生课程\INS\PUREINS_C\DEBUG\PUREINS_C.PDB
E:\研究生课程\INS\pureINS_c\pureINS_c\Debug\cl.command.1.tlog
E:\研究生课程\INS\pureINS_c\pureINS_c\Debug\CL.read.1.tlog
E:\研究生课程\INS\pureINS_c\pureINS_c\Debug\CL.write.1.tlog
E:\研究生课程\INS\PUREINS_C\PUREINS_C\DEBUG\GLOBAL_VARIABLES.OBJ
E:\研究生课程\INS\PUREINS_C\PUREINS_C\DEBUG\INS.OBJ
E:\研究生课程\INS\pureINS_c\pureINS_c\Debug\link.12384.read.1.tlog
E:\研究生课程\INS\pureINS_c\pureINS_c\Debug\link.12384.write.1.tlog
E:\研究生课程\INS\pureINS_c\pureINS_c\Debug\link.12384-cvtres.read.1.tlog
E:\研究生课程\INS\pureINS_c\pureINS_c\Debug\link.12384-cvtres.write.1.tlog
E:\研究生课程\INS\pureINS_c\pureINS_c\Debug\link.16672.read.1.tlog
E:\研究生课程\INS\pureINS_c\pureINS_c\Debug\link.16672.write.1.tlog
E:\研究生课程\INS\pureINS_c\pureINS_c\Debug\link.16672-cvtres.read.1.tlog
E:\研究生课程\INS\pureINS_c\pureINS_c\Debug\link.16672-cvtres.write.1.tlog
E:\研究生课程\INS\pureINS_c\pureINS_c\Debug\link.19952.read.1.tlog
E:\研究生课程\INS\pureINS_c\pureINS_c\Debug\link.19952.write.1.tlog
E:\研究生课程\INS\pureINS_c\pureINS_c\Debug\link.19952-cvtres.read.1.tlog
E:\研究生课程\INS\pureINS_c\pureINS_c\Debug\link.19952-cvtres.write.1.tlog
E:\研究生课程\INS\pureINS_c\pureINS_c\Debug\link.20020.read.1.tlog
E:\研究生课程\INS\pureINS_c\pureINS_c\Debug\link.20020.write.1.tlog
E:\研究生课程\INS\pureINS_c\pureINS_c\Debug\link.20020-cvtres.read.1.tlog
E:\研究生课程\INS\pureINS_c\pureINS_c\Debug\link.20020-cvtres.write.1.tlog
E:\研究生课程\INS\pureINS_c\pureINS_c\Debug\link.command.1.tlog
E:\研究生课程\INS\pureINS_c\pureINS_c\Debug\link.read.1.tlog
E:\研究生课程\INS\pureINS_c\pureINS_c\Debug\link.write.1.tlog
E:\研究生课程\INS\pureINS_c\pureINS_c\Debug\link-cvtres.read.1.tlog
E:\研究生课程\INS\pureINS_c\pureINS_c\Debug\link-cvtres.write.1.tlog
E:\研究生课程\INS\PUREINS_C\PUREINS_C\DEBUG\MAIN.OBJ
E:\研究生课程\INS\pureINS_c\pureINS_c\Debug\mt.command.1.tlog
E:\研究生课程\INS\pureINS_c\pureINS_c\Debug\mt.read.1.tlog
E:\研究生课程\INS\pureINS_c\pureINS_c\Debug\mt.write.1.tlog
E:\研究生课程\INS\PUREINS_C\PUREINS_C\DEBUG\PRO.OBJ
E:\研究生课程\INS\PUREINS_C\PUREINS_C\DEBUG\PUREINS_C.EXE
E:\研究生课程\INS\pureINS_c\pureINS_c\Debug\pureINS_c.exe.embed.manifest
E:\研究生课程\INS\PUREINS_C\PUREINS_C\DEBUG\PUREINS_C.EXE.EMBED.MANIFEST.RES
E:\研究生课程\INS\PUREINS_C\PUREINS_C\DEBUG\PUREINS_C.EXE.INTERMEDIATE.MANIFEST
E:\研究生课程\INS\PUREINS_C\PUREINS_C\DEBUG\PUREINS_C.ILK
E:\研究生课程\INS\PUREINS_C\PUREINS_C\DEBUG\PUREINS_C.PDB
E:\研究生课程\INS\pureINS_c\pureINS_c\Debug\pureINS_c.vcxprojResolveAssemblyReference.cache
E:\研究生课程\INS\pureINS_c\pureINS_c\Debug\pureINS_c.write.1.tlog
E:\研究生课程\INS\pureINS_c\pureINS_c\Debug\pureINS_c_manifest.rc
E:\研究生课程\INS\pureINS_c\pureINS_c\Debug\rc.command.1.tlog
E:\研究生课程\INS\pureINS_c\pureINS_c\Debug\rc.read.1.tlog
E:\研究生课程\INS\pureINS_c\pureINS_c\Debug\rc.write.1.tlog
E:\研究生课程\INS\pureINS_c\pureINS_c\Debug\vc100.idb
E:\研究生课程\INS\PUREINS_C\PUREINS_C\DEBUG\VC100.PDB
E:\研究生课程\INS\PUREINS_C\PUREINS_C\DEBUG\VEC.OBJ
E:\研究生课程\INS\PUREINS_C\PUREINS_C\PUREINS_C\DEBUG\GLOBAL_VARIABLES.OBJ
E:\研究生课程\INS\PUREINS_C\PUREINS_C\PUREINS_C\DEBUG\INS.OBJ
E:\研究生课程\INS\PUREINS_C\PUREINS_C\PUREINS_C\DEBUG\MAIN.OBJ
E:\研究生课程\INS\PUREINS_C\PUREINS_C\PUREINS_C\DEBUG\PRO.OBJ
E:\研究生课程\INS\PUREINS_C\PUREINS_C\PUREINS_C\DEBUG\PUREINS_C.EXE.EMBED.MANIFEST
E:\研究生课程\INS\PUREINS_C\PUREINS_C\PUREINS_C\DEBUG\PUREINS_C.EXE.EMBED.MANIFEST.RES
E:\研究生课程\INS\PUREINS_C\PUREINS_C\PUREINS_C\DEBUG\PUREINS_C.EXE.INTERMEDIATE.MANIFEST
E:\研究生课程\INS\PUREINS_C\PUREINS_C\PUREINS_C\DEBUG\VC100.PDB
E:\研究生课程\INS\PUREINS_C\PUREINS_C\PUREINS_C\DEBUG\VEC.OBJ
